<?xml version='1.0' encoding='UTF-8'?>
<testsuite hostname="DESKTOP-2E0JOHV" name="IDTester" tests="1" errors="0" failures="1" skipped="0" time="3.884" timestamp="2024-01-04T15:52:24">
          <properties>
[...]
</properties>
          <testcase classname="IDTester" name="ID stage should pass" time="3.884">
                      <failure message="io_aluOpSelect=AluOperations.SUB (1, 0x1) did not equal expected=AluOperations.ADD (0, 0x0) (lines in IDTester.scala: 28, 9)" type="org.scalatest.exceptions.TestFailedException">org.scalatest.exceptions.TestFailedException: io_aluOpSelect=AluOperations.SUB (1, 0x1) did not equal expected=AluOperations.ADD (0, 0x0) (lines in IDTester.scala: 28, 9)
	at chiseltest.internal.TestEnvInterface.signalExpectFailure(TestEnvInterface.scala:60)
	at chiseltest.internal.TestEnvInterface.signalExpectFailure$(TestEnvInterface.scala:45)
	at IDTester.signalExpectFailure(IDTester.scala:6)
	at chiseltest.package$Utils$.expectFailed(package.scala:499)
	at chiseltest.package$Utils$.expectBits(package.scala:490)
	at chiseltest.package$testableData.expectInternal(package.scala:329)
	at chiseltest.package$testableData.expect(package.scala:335)
	at IDTester.$anonfun$new$3(IDTester.scala:28)
	at IDTester.$anonfun$new$3$adapted(IDTester.scala:9)
	at chiseltest.internal.GenericBackend.$anonfun$run$1(GenericBackend.scala:153)
	at chiseltest.internal.ThreadedBackend$TesterThread$$anon$1.$anonfun$run$1(ThreadedBackend.scala:495)
	at chiseltest.internal.GenericBackend.doTimescope(GenericBackend.scala:98)
	at chiseltest.internal.ThreadedBackend$TesterThread$$anon$1.run(ThreadedBackend.scala:495)
	at java.base/java.lang.Thread.run(Thread.java:1589)
Caused by: chiseltest.internal.FailedExpectException: io_aluOpSelect=AluOperations.SUB (1, 0x1) did not equal expected=AluOperations.ADD (0, 0x0) (lines in IDTester.scala: 28, 9)
	... 14 more
</failure>
                    </testcase>
          <system-out><![CDATA[]]></system-out>
          <system-err><![CDATA[]]></system-err>
        </testsuite>